CRITICAL - 2022-06-29 12:53:04 --> Too few arguments to function App\Controllers\Product::index(), 0 passed in /app/myapp/system/CodeIgniter.php on line 896 and exactly 1 expected
in APPPATH/Controllers/Product.php on line 7.
 1 SYSTEMPATH/CodeIgniter.php(896): App\Controllers\Product->index()
 2 SYSTEMPATH/CodeIgniter.php(466): CodeIgniter\CodeIgniter->runController()
 3 SYSTEMPATH/CodeIgniter.php(349): CodeIgniter\CodeIgniter->handleRequest()
 4 FCPATH/index.php(55): CodeIgniter\CodeIgniter->run()
CRITICAL - 2022-06-29 12:54:24 --> Too few arguments to function App\Controllers\Product::index(), 0 passed in /app/myapp/system/CodeIgniter.php on line 896 and exactly 1 expected
in APPPATH/Controllers/Product.php on line 7.
 1 SYSTEMPATH/CodeIgniter.php(896): App\Controllers\Product->index()
 2 SYSTEMPATH/CodeIgniter.php(466): CodeIgniter\CodeIgniter->runController()
 3 SYSTEMPATH/CodeIgniter.php(349): CodeIgniter\CodeIgniter->handleRequest()
 4 FCPATH/index.php(55): CodeIgniter\CodeIgniter->run()
CRITICAL - 2022-06-29 12:54:49 --> Too few arguments to function App\Controllers\Product::index(), 0 passed in /app/myapp/system/CodeIgniter.php on line 896 and exactly 1 expected
in APPPATH/Controllers/Product.php on line 7.
 1 SYSTEMPATH/CodeIgniter.php(896): App\Controllers\Product->index()
 2 SYSTEMPATH/CodeIgniter.php(466): CodeIgniter\CodeIgniter->runController()
 3 SYSTEMPATH/CodeIgniter.php(349): CodeIgniter\CodeIgniter->handleRequest()
 4 FCPATH/index.php(55): CodeIgniter\CodeIgniter->run()
CRITICAL - 2022-06-29 12:56:51 --> Too few arguments to function App\Controllers\Product::index(), 0 passed in /app/myapp/system/CodeIgniter.php on line 896 and exactly 1 expected
in APPPATH/Controllers/Product.php on line 7.
 1 SYSTEMPATH/CodeIgniter.php(896): App\Controllers\Product->index()
 2 SYSTEMPATH/CodeIgniter.php(466): CodeIgniter\CodeIgniter->runController()
 3 SYSTEMPATH/CodeIgniter.php(349): CodeIgniter\CodeIgniter->handleRequest()
 4 FCPATH/index.php(55): CodeIgniter\CodeIgniter->run()
CRITICAL - 2022-06-29 12:56:52 --> Too few arguments to function App\Controllers\Product::index(), 0 passed in /app/myapp/system/CodeIgniter.php on line 896 and exactly 1 expected
in APPPATH/Controllers/Product.php on line 7.
 1 SYSTEMPATH/CodeIgniter.php(896): App\Controllers\Product->index()
 2 SYSTEMPATH/CodeIgniter.php(466): CodeIgniter\CodeIgniter->runController()
 3 SYSTEMPATH/CodeIgniter.php(349): CodeIgniter\CodeIgniter->handleRequest()
 4 FCPATH/index.php(55): CodeIgniter\CodeIgniter->run()
CRITICAL - 2022-06-29 12:57:18 --> Too few arguments to function App\Controllers\Product::index(), 0 passed in /app/myapp/system/CodeIgniter.php on line 896 and exactly 1 expected
in APPPATH/Controllers/Product.php on line 7.
 1 SYSTEMPATH/CodeIgniter.php(896): App\Controllers\Product->index()
 2 SYSTEMPATH/CodeIgniter.php(466): CodeIgniter\CodeIgniter->runController()
 3 SYSTEMPATH/CodeIgniter.php(349): CodeIgniter\CodeIgniter->handleRequest()
 4 FCPATH/index.php(55): CodeIgniter\CodeIgniter->run()
CRITICAL - 2022-06-29 12:57:18 --> Too few arguments to function App\Controllers\Product::index(), 0 passed in /app/myapp/system/CodeIgniter.php on line 896 and exactly 1 expected
in APPPATH/Controllers/Product.php on line 7.
 1 SYSTEMPATH/CodeIgniter.php(896): App\Controllers\Product->index()
 2 SYSTEMPATH/CodeIgniter.php(466): CodeIgniter\CodeIgniter->runController()
 3 SYSTEMPATH/CodeIgniter.php(349): CodeIgniter\CodeIgniter->handleRequest()
 4 FCPATH/index.php(55): CodeIgniter\CodeIgniter->run()
CRITICAL - 2022-06-29 12:58:16 --> Too few arguments to function App\Controllers\Product::index(), 0 passed in /app/myapp/system/CodeIgniter.php on line 896 and exactly 1 expected
in APPPATH/Controllers/Product.php on line 7.
 1 SYSTEMPATH/CodeIgniter.php(896): App\Controllers\Product->index()
 2 SYSTEMPATH/CodeIgniter.php(466): CodeIgniter\CodeIgniter->runController()
 3 SYSTEMPATH/CodeIgniter.php(349): CodeIgniter\CodeIgniter->handleRequest()
 4 FCPATH/index.php(55): CodeIgniter\CodeIgniter->run()
CRITICAL - 2022-06-29 12:58:16 --> Too few arguments to function App\Controllers\Product::index(), 0 passed in /app/myapp/system/CodeIgniter.php on line 896 and exactly 1 expected
in APPPATH/Controllers/Product.php on line 7.
 1 SYSTEMPATH/CodeIgniter.php(896): App\Controllers\Product->index()
 2 SYSTEMPATH/CodeIgniter.php(466): CodeIgniter\CodeIgniter->runController()
 3 SYSTEMPATH/CodeIgniter.php(349): CodeIgniter\CodeIgniter->handleRequest()
 4 FCPATH/index.php(55): CodeIgniter\CodeIgniter->run()
CRITICAL - 2022-06-29 12:58:19 --> Too few arguments to function App\Controllers\Product::index(), 0 passed in /app/myapp/system/CodeIgniter.php on line 896 and exactly 1 expected
in APPPATH/Controllers/Product.php on line 7.
 1 SYSTEMPATH/CodeIgniter.php(896): App\Controllers\Product->index()
 2 SYSTEMPATH/CodeIgniter.php(466): CodeIgniter\CodeIgniter->runController()
 3 SYSTEMPATH/CodeIgniter.php(349): CodeIgniter\CodeIgniter->handleRequest()
 4 FCPATH/index.php(55): CodeIgniter\CodeIgniter->run()
CRITICAL - 2022-06-29 12:58:39 --> Too few arguments to function App\Controllers\Product::index(), 0 passed in /app/myapp/system/CodeIgniter.php on line 896 and exactly 1 expected
in APPPATH/Controllers/Product.php on line 7.
 1 SYSTEMPATH/CodeIgniter.php(896): App\Controllers\Product->index()
 2 SYSTEMPATH/CodeIgniter.php(466): CodeIgniter\CodeIgniter->runController()
 3 SYSTEMPATH/CodeIgniter.php(349): CodeIgniter\CodeIgniter->handleRequest()
 4 FCPATH/index.php(55): CodeIgniter\CodeIgniter->run()
CRITICAL - 2022-06-29 12:59:00 --> Too few arguments to function App\Controllers\Product::index(), 0 passed in /app/myapp/system/CodeIgniter.php on line 896 and exactly 1 expected
in APPPATH/Controllers/Product.php on line 7.
 1 SYSTEMPATH/CodeIgniter.php(896): App\Controllers\Product->index()
 2 SYSTEMPATH/CodeIgniter.php(466): CodeIgniter\CodeIgniter->runController()
 3 SYSTEMPATH/CodeIgniter.php(349): CodeIgniter\CodeIgniter->handleRequest()
 4 FCPATH/index.php(55): CodeIgniter\CodeIgniter->run()
